<?xml version="1.0" encoding="UTF-8"?>
<!-- Generated by org.testng.reporters.JUnitReportReporter -->
<testsuite hostname="Dean" failures="0" tests="1" name="com.sdet.testng.OpenWebsite" time="6.468" errors="0" timestamp="2023-08-03T12:11:17 IST" skipped="0">
  <testcase classname="com.sdet.testng.OpenWebsite" name="Chrome1" time="6.468"/>
  <system-out/>
</testsuite> <!-- com.sdet.testng.OpenWebsite -->
