<?xml version="1.0" encoding="UTF-8"?>
<!-- Generated by org.testng.reporters.JUnitReportReporter -->
<testsuite hostname="Dean" failures="0" tests="1" name="com.sdet.testng.WebElementsTest" time="9.356" errors="0" timestamp="2023-08-03T17:49:22 IST" skipped="0">
  <testcase classname="com.sdet.testng.WebElementsTest" name="test1" time="9.356"/>
  <system-out/>
</testsuite> <!-- com.sdet.testng.WebElementsTest -->
