<?xml version="1.0" encoding="UTF-8"?>
<!-- Generated by org.testng.reporters.JUnitReportReporter -->
<testsuite hostname="Dean" failures="0" tests="2" name="com.sdet.testng.CalculaterTestng" time="0.005" errors="0" timestamp="2023-08-03T12:11:17 IST" skipped="0">
  <testcase classname="com.sdet.testng.CalculaterTestng" name="subTest1" time="0.001"/>
  <system-out/>
  <testcase classname="com.sdet.testng.CalculaterTestng" name="addTest1" time="0.004"/>
  <system-out/>
</testsuite> <!-- com.sdet.testng.CalculaterTestng -->
